72
0034567890069 444
0034567890356 417
0034567890130 416
0034567890350 408
0034567890322 403
0034567890041 399
0034567890292 398
0034567890132 396
0034567889837 392
0034567889893 387
0034567890097 379
0034567890164 378
0034567890304 377
0034567890388 375
0034567890117 372
0034567890150 372
0034567890236 367
0034567890354 367
0034567890001 360
0034567890406 357
0034567889979 356
0034567889975 355
0034567890146 355
0034567890061 353
0034567890280 352
0034567890370 351
0034567889929 350
0034567890128 349
0034567889939 347
0034567890352 344
0034567889861 341
0034567890138 337
0034567889843 335
0034567889825 332
0034567890246 332
0034567889833 331
0034567890160 331
0034567890244 329
0034567890240 327
0034567889981 326
0034567889957 317
0034567890300 317
0034567890376 317
0034567890294 316
0034567890184 314
0034567890234 314
0034567889895 309
0034567890190 309
0034567890256 309
0034567890103 308
0034567889873 304
0034567890091 300
0034567890073 298
0034567889855 297
0034567889889 295
0034567890142 294
0034567890188 293
0034567890023 292
0034567889945 289
0034567890170 282
0034567890166 281
0034567889897 278
0034567890290 275
0034567890330 274
0034567889885 272
0034567890276 269
0034567890107 258
0034567890039 238
0034567890007 232
0034567890392 224
0034567890264 218
0034567890228 215
