64
9034567889933 485
9034567890422 449
9034567889855 430
9034567890382 426
9034567890340 412
9034567890124 400
9034567890132 395
9034567890398 395
9034567890095 390
9034567890372 388
9034567889969 386
9034567890370 386
9034567889881 379
9034567890059 379
9034567890232 378
9034567890326 377
9034567890063 376
9034567890388 376
9034567889891 371
9034567890410 369
9034567890039 366
9034567890368 363
9034567890226 362
9034567890264 362
9034567889849 359
9034567890230 359
9034567890192 351
9034567890069 346
9034567890073 346
9034567890142 345
9034567890204 345
9034567890404 343
9034567890075 339
9034567890194 338
9034567890400 338
9034567890109 337
9034567889963 328
9034567889983 328
9034567889859 323
9034567890396 323
9034567889875 319
9034567889843 316
9034567890091 316
9034567890336 314
9034567890220 312
9034567889945 311
9034567890087 309
9034567890130 309
9034567889899 302
9034567890174 301
9034567890366 298
9034567889991 297
9034567890043 294
9034567890037 291
9034567890236 290
9034567889997 289
9034567889827 288
9034567890420 282
9034567890280 275
9034567890316 275
9034567890350 271
9034567890123 268
9034567889861 258
9034567890272 254
